[2025-05-10 13:24:55] [INFO] === NAVIGATION BAR FADE TROUBLESHOOTING SCRIPT STARTED ===
[2025-05-10 13:24:55] [INFO] This script will diagnose and fix navigation bar fade issues
[2025-05-10 13:24:55] [SUCCESS] Main HTML file exists: .\index.html
[2025-05-10 13:24:55] [INFO] Created backup directory: .\backup_20250510_132455
[2025-05-10 13:24:55] [SUCCESS] Backed up index.html
[2025-05-10 13:24:55] [SUCCESS] Backed up styles.css
[2025-05-10 13:24:55] [SUCCESS] Backed up main.js
[2025-05-10 13:24:55] [INFO] Analyzing HTML structure...
[2025-05-10 13:24:55] [SUCCESS] Successfully read HTML content
[2025-05-10 13:24:55] [SUCCESS] Found header with class 'header'
[2025-05-10 13:24:55] [SUCCESS] Found link to styles.css
[2025-05-10 13:24:55] [SUCCESS] Found reference to main.js
[2025-05-10 13:24:55] [INFO] Trying a different approach with inline JavaScript and CSS...
[2025-05-10 13:24:55] [INFO] Applying inline solution to HTML...
[2025-05-10 13:24:55] [SUCCESS] Created new HTML file with navbar fade effect: .\index-with-navbar-fade-debug.html
[2025-05-10 13:24:55] [SUCCESS] Created standalone test file: .\navbar-fade-standalone-test.html
[2025-05-10 13:24:55] [SUCCESS] Created manual fix guide: .\navbar-fade-manual-fix.md
[2025-05-10 13:24:55] [INFO] Launching the test files...
[2025-05-10 13:24:55] [SUCCESS] Launched standalone test file
[2025-05-10 13:24:55] [SUCCESS] Launched modified HTML file
[2025-05-10 13:24:55] [SUCCESS] Opened manual fix guide
[2025-05-10 13:24:55] [SUCCESS] ====== TROUBLESHOOTING COMPLETE ======
[2025-05-10 13:24:55] [INFO] Files created:
[2025-05-10 13:24:55] [INFO] 1. .\index-with-navbar-fade-debug.html - Your website with navbar fade and debugging tools
[2025-05-10 13:24:55] [INFO] 2. .\navbar-fade-standalone-test.html - Isolated test environment
[2025-05-10 13:24:55] [INFO] 3. .\navbar-fade-manual-fix.md - Step-by-step manual implementation guide
[2025-05-10 13:24:55] [INFO] 4. navbar-fade-debug.log - Detailed log file
[2025-05-10 13:24:55] [INFO] DEBUGGING TIPS:
[2025-05-10 13:24:55] [INFO] - Press Ctrl+D while viewing the modified HTML to show debug toolbar
[2025-05-10 13:24:55] [INFO] - Check the browser console (F12) for logging information
[2025-05-10 13:24:55] [INFO] - If the standalone test works but your site doesn't, follow the manual fix guide
